<?xml version="1.0" encoding="UTF-8"?>
<testng-results ignored="0" total="1" passed="1" failed="0" skipped="0">
  <reporter-output>
  </reporter-output>
  <suite started-at="2024-02-29T09:14:30 IST" name="Default suite" finished-at="2024-02-29T09:14:30 IST" duration-ms="71">
    <groups>
    </groups>
    <test started-at="2024-02-29T09:14:30 IST" name="Default test" finished-at="2024-02-29T09:14:30 IST" duration-ms="71">
      <class name="SumValidationOnJSON">
        <test-method signature="sumofcources()[pri:0, instance:SumValidationOnJSON@47af7f3d]" started-at="2024-02-29T09:14:30 IST" name="sumofcources" finished-at="2024-02-29T09:14:30 IST" duration-ms="26" status="PASS">
          <reporter-output>
          </reporter-output>
        </test-method> <!-- sumofcources -->
      </class> <!-- SumValidationOnJSON -->
    </test> <!-- Default test -->
  </suite> <!-- Default suite -->
</testng-results>
